<?xml version="1.0" encoding="UTF-8"?>
<!-- Generated by org.testng.reporters.JUnitReportReporter -->
<testsuite skipped="0" hostname="DESKTOP-HOL3156" name="org.testngadact.ParallelExecutionTestng" tests="3" failures="0" timestamp="21 Jul 2021 02:58:19 GMT" time="1.741" errors="0">
  <testcase name="tc0" time="1.739" classname="org.testngadact.ParallelExecutionTestng"/>
  <testcase name="tc1" time="0.001" classname="org.testngadact.ParallelExecutionTestng"/>
  <testcase name="tc2" time="0.001" classname="org.testngadact.ParallelExecutionTestng"/>
</testsuite> <!-- org.testngadact.ParallelExecutionTestng -->
