<?xml version="1.0" encoding="UTF-8"?>
<!-- Generated by org.testng.reporters.JUnitReportReporter -->
<testsuite skipped="0" hostname="DESKTOP-HOL3156" name="org.testngadact.Grouping" tests="3" failures="0" timestamp="16 Jul 2021 08:34:33 GMT" time="0.008" errors="0">
  <testcase name="tc2" time="0.000" classname="org.testngadact.Grouping"/>
  <testcase name="tc3" time="0.008" classname="org.testngadact.Grouping"/>
  <testcase name="tc5" time="0.000" classname="org.testngadact.Grouping"/>
</testsuite> <!-- org.testngadact.Grouping -->
