<?xml version="1.0" encoding="UTF-8"?>
<!-- Generated by org.testng.reporters.JUnitReportReporter -->
<testsuite skipped="0" hostname="DESKTOP-HOL3156" name="org.flipkartjunit.RedBusLaunch2" tests="1" failures="0" timestamp="10 Jul 2021 07:47:10 GMT" time="0.898" errors="0">
  <testcase name="tc0" time="0.898" classname="org.flipkartjunit.RedBusLaunch2"/>
</testsuite> <!-- org.flipkartjunit.RedBusLaunch2 -->
