<?xml version="1.0" encoding="UTF-8"?>
<!-- Generated by org.testng.reporters.JUnitReportReporter -->
<testsuite skipped="0" hostname="DESKTOP-HOL3156" name="org.flipkartjunit.RedBusLaunch" tests="1" failures="0" timestamp="10 Jul 2021 07:47:10 GMT" time="1.274" errors="0">
  <testcase name="tc0" time="1.274" classname="org.flipkartjunit.RedBusLaunch"/>
</testsuite> <!-- org.flipkartjunit.RedBusLaunch -->
