<?xml version="1.0" encoding="UTF-8"?>
<!-- Generated by org.testng.reporters.JUnitReportReporter -->
<testsuite skipped="0" hostname="DESKTOP-HOL3156" name="org.testngadact.AmazonDataProvider" tests="8" failures="0" timestamp="13 Jul 2021 09:39:23 GMT" time="40.267" errors="0">
  <testcase name="tc0" time="5.077" classname="org.testngadact.AmazonDataProvider"/>
  <testcase name="tc0" time="4.835" classname="org.testngadact.AmazonDataProvider"/>
  <testcase name="tc0" time="5.292" classname="org.testngadact.AmazonDataProvider"/>
  <testcase name="tc0" time="4.494" classname="org.testngadact.AmazonDataProvider"/>
  <testcase name="tc0" time="5.597" classname="org.testngadact.AmazonDataProvider"/>
  <testcase name="tc0" time="5.582" classname="org.testngadact.AmazonDataProvider"/>
  <testcase name="tc0" time="4.532" classname="org.testngadact.AmazonDataProvider"/>
  <testcase name="tc0" time="4.858" classname="org.testngadact.AmazonDataProvider"/>
</testsuite> <!-- org.testngadact.AmazonDataProvider -->
