<?xml version="1.0" encoding="UTF-8"?>
<!-- Generated by org.testng.reporters.JUnitReportReporter -->
<testsuite skipped="0" hostname="DESKTOP-HOL3156" name="org.testngadact.ParallelExecutionTestng2" tests="3" failures="0" timestamp="21 Jul 2021 02:58:19 GMT" time="5.473" errors="0">
  <testcase name="tc3" time="5.472" classname="org.testngadact.ParallelExecutionTestng2"/>
  <testcase name="tc5" time="0.001" classname="org.testngadact.ParallelExecutionTestng2"/>
  <testcase name="tc4" time="0.000" classname="org.testngadact.ParallelExecutionTestng2"/>
</testsuite> <!-- org.testngadact.ParallelExecutionTestng2 -->
