<?xml version="1.0" encoding="UTF-8"?>
<!-- Generated by org.testng.reporters.JUnitReportReporter -->
<testsuite skipped="0" hostname="DESKTOP-HOL3156" name="org.testngadact.ParallelExecutionTestng3" tests="3" failures="0" timestamp="21 Jul 2021 02:58:19 GMT" time="0.017" errors="0">
  <testcase name="tc7" time="0.017" classname="org.testngadact.ParallelExecutionTestng3"/>
  <testcase name="tc8" time="0.000" classname="org.testngadact.ParallelExecutionTestng3"/>
  <testcase name="tc6" time="0.000" classname="org.testngadact.ParallelExecutionTestng3"/>
</testsuite> <!-- org.testngadact.ParallelExecutionTestng3 -->
